
> react-typescript-starter@0.1.0 test
> react-scripts test

Browserslist: caniuse-lite is outdated. Please run:
  npx browserslist@latest --update-db
  Why you should do it regularly: https://github.com/browserslist/browserslist#browsers-data-updating
PASS src/arrays.test.ts
PASS src/objects.test.ts
PASS src/HtmlCss.test.tsx
PASS src/functions.test.ts
  ● Console

    console.log
      0

      at fahrenheitToCelius (src/functions.ts:7:13)

    console.log
      -40

      at fahrenheitToCelius (src/functions.ts:7:13)

    console.log
      -30

      at fahrenheitToCelius (src/functions.ts:7:13)

    console.log
      -10

      at fahrenheitToCelius (src/functions.ts:7:13)

    console.log
      20

      at fahrenheitToCelius (src/functions.ts:7:13)

    console.log
      30

      at fahrenheitToCelius (src/functions.ts:7:13)

    console.log
      100

      at fahrenheitToCelius (src/functions.ts:7:13)

PASS src/text.test.tsx
PASS src/App.test.tsx
----------------|---------|----------|---------|---------|-------------------
File            | % Stmts | % Branch | % Funcs | % Lines | Uncovered Line #s 
----------------|---------|----------|---------|---------|-------------------
All files       |   96.55 |    91.66 |     100 |   96.34 |                   
 src            |   96.55 |    91.66 |     100 |   96.34 |                   
  App.tsx       |     100 |      100 |     100 |     100 |                   
  arrays.ts     |   95.34 |       90 |     100 |   94.73 | 15,77             
  functions.ts  |     100 |     90.9 |     100 |     100 | 63-64             
  objects.ts    |   94.44 |      100 |     100 |   94.44 | 53                
 src/interfaces |       0 |        0 |       0 |       0 |                   
  question.ts   |       0 |        0 |       0 |       0 |                   
----------------|---------|----------|---------|---------|-------------------

Test Suites: 6 passed, 6 total
Tests:       33 passed, 33 total
Snapshots:   0 total
Time:        5 s
Ran all test suites.
