
> react-typescript-starter@0.1.0 test
> react-scripts test

Browserslist: caniuse-lite is outdated. Please run:
  npx browserslist@latest --update-db
  Why you should do it regularly: https://github.com/browserslist/browserslist#browsers-data-updating
PASS src/HtmlCss.test.tsx
PASS src/functions.test.ts
  ● Console

    console.log
      0

      at fahrenheitToCelius (src/functions.ts:7:13)

    console.log
      -40

      at fahrenheitToCelius (src/functions.ts:7:13)

    console.log
      -30

      at fahrenheitToCelius (src/functions.ts:7:13)

    console.log
      -10

      at fahrenheitToCelius (src/functions.ts:7:13)

    console.log
      20

      at fahrenheitToCelius (src/functions.ts:7:13)

    console.log
      30

      at fahrenheitToCelius (src/functions.ts:7:13)

    console.log
      100

      at fahrenheitToCelius (src/functions.ts:7:13)

PASS src/text.test.tsx
PASS src/App.test.tsx
--------------|---------|----------|---------|---------|-------------------
File          | % Stmts | % Branch | % Funcs | % Lines | Uncovered Line #s 
--------------|---------|----------|---------|---------|-------------------
All files     |     100 |     90.9 |     100 |     100 |                   
 App.tsx      |     100 |      100 |     100 |     100 |                   
 functions.ts |     100 |     90.9 |     100 |     100 | 63-64             
--------------|---------|----------|---------|---------|-------------------

Test Suites: 4 passed, 4 total
Tests:       14 passed, 14 total
Snapshots:   0 total
Time:        3.235 s
Ran all test suites.
